         w __deregister_frame_info
         w _ITM_deregisterTMCloneTable
         w _ITM_registerTMCloneTable
         w __register_frame_info
00000000 00000401 b __fixedpath
00000000 b .LANCHOR1
00000000 a shift
00000000 a shift
00000000 b _TLS_MODULE_BASE_
00000404 b .LANCHOR3
00000404 00000802 b __utf16path
00000c08 b .LANCHOR5
00000c08 00000802 b __utf16path_old.8583
00100000 T _start
00100000 A __start__
00100008 T __service_ptr
0010000c T __apt_appid
00100010 T __heap_size
00100014 T __linear_heap_size
00100018 T __system_arglist
0010001c T __system_runflags
00100020 t startup
00100058 t ClearMem
0010006c t ClrLoop
00100094 T _init
001000ac T initSystem
001000f0 T __ctru_exit
00100110 T __aeabi_uidiv
00100110 000001ec T __udivsi3
00100110 t .udivsi3_skip_div0_test
001002fc 00000020 T __aeabi_uidivmod
0010031c T __aeabi_idiv
0010031c 00000220 T __divsi3
00100324 t .divsi3_skip_div0_test
0010053c 00000020 T __aeabi_idivmod
0010055c 00000004 W __aeabi_idiv0
0010055c 00000004 W __aeabi_ldiv0
00100560 T __aeabi_drsub
00100568 000002b0 T __aeabi_dsub
00100568 000002b0 T __subdf3
0010056c 000002ac T __adddf3
0010056c 000002ac T __aeabi_dadd
00100818 00000024 T __aeabi_ui2d
00100818 00000024 T __floatunsidf
0010083c 00000028 T __aeabi_i2d
0010083c 00000028 T __floatsidf
00100864 00000048 T __aeabi_f2d
00100864 00000048 T __extendsfdf2
001008ac 00000074 T __aeabi_ul2d
001008ac 00000074 T __floatundidf
001008c0 00000060 T __aeabi_l2d
001008c0 00000060 T __floatdidf
00100920 T __aeabi_uldivmod
00100968 00000390 T strcmp
00100cf0 t deregister_tm_clones
00100d1c t register_tm_clones
00100d54 t __do_global_dtors_aux
00100d98 t frame_dummy
00100dcc 000000a4 T movePicture
00100e70 000004a8 T main
00101318 00000330 T C2D_Init
00101648 00000044 T C2D_Fini
0010168c 000000c8 T C2D_Prepare
00101754 0000010c T C2D_SceneSize
00101860 00000044 T C2D_CreateScreenTarget
001018a4 0000013c T C2Di_CalcQuad
001019e0 00000030 T C2Di_FlushVtxBuf
00101a10 00000020 t C2Di_FrameEndHook
00101a30 00000018 T C2D_Flush
00101a48 00000030 T C2D_TargetClear
00101a78 00000210 T C2Di_Update
00101c88 000002ec T C2D_DrawImage
00101f74 0000006c T C2D_SpriteSheetLoadFromHandle
00101fe0 00000034 T C2D_SpriteSheetLoad
00102014 00000028 T C2D_SpriteSheetFree
0010203c 00000008 T C2D_SpriteSheetCount
00102044 00000028 T C2D_SpriteSheetGetImage
0010206c 000000c4 t C3Di_SplitFrame.part.1
00102130 00000004 W C3Di_LightEnvUpdate
00102134 00000004 W C3Di_LightEnvDirty
00102138 000000ac t C3Di_AptEventHook
001021e4 00000004 W C3Di_GasUpdate
001021e8 0000021c T C3D_Init
00102404 00000098 T C3D_SetViewport
0010249c 0000050c T C3Di_UpdateContext
001029a8 00000020 T C3Di_SplitFrame
001029c8 00000010 T C3D_GetCmdBufUsage
001029d8 00000064 T C3D_Fini
00102a3c 00000114 T C3D_BindProgram
00102b50 00000054 t C3Di_RenderQueueInit
00102ba4 00000080 t C3Di_RenderTargetDestroy
00102c24 000000ac t onVBlank1
00102cd0 0000013c t onVBlank0
00102e0c 0000000c t C3Di_RenderTargetNew
00102e18 0000007c t C3Di_WaitAndClearQueue
00102e94 000000c0 t onQueueFinish
00102f54 00000044 t C3D_FrameSplit.part.6
00102f98 00000030 T C3D_FrameSync
00102fc8 000000a0 T C3Di_RenderQueueExit
00103068 00000020 T C3Di_RenderQueueWaitDone
00103088 0000007c T C3D_FrameBegin
00103104 00000048 T C3D_FrameDrawOn
0010314c 00000018 T C3D_FrameSplit
00103164 00000164 T C3D_FrameEnd
001032c8 0000001c T C3D_FrameEndHook
001032e4 00000018 T C3D_GetDrawingTime
001032fc 00000018 T C3D_GetProcessingTime
00103314 0000017c T C3D_RenderTargetCreate
00103490 0000004c T C3D_RenderTargetSetOutput
001034dc 000000b4 T C3D_SyncTextureCopy
00103590 00000284 T C3D_TexInitWithParams
00103814 000000dc T C3D_TexLoadImage
001038f0 00000048 T C3D_TexBind
00103938 0000007c T C3D_TexDelete
001039b4 00000174 T C3Di_SetTex
00103b28 000003e8 t Tex3DSi_ImportCommon
00103f10 00000034 T Tex3DS_TextureImportStdio
00103f44 00000008 T Tex3DS_GetNumSubTextures
00103f4c 0000001c T Tex3DS_GetSubTexture
00103f68 00000004 T Tex3DS_TextureFree
00103f6c 0000001c T C3D_CalcColorBufSize
00103f88 0000001c T C3D_CalcDepthBufSize
00103fa4 00000044 T C3D_SetFrameBuf
00103fe8 00000168 T C3Di_FrameBufBind
00104150 000000c8 T C3D_FrameBufClear
00104218 00000048 T C3D_FrameBufTransfer
00104260 00000034 T C3D_GetTexEnv
00104294 00000024 T C3Di_TexEnvBind
001042b8 0000006c T C3D_ProcTexInit
00104324 00000050 T C3D_ProcTexBind
00104374 00000060 T C3D_ProcTexLutBind
001043d4 000000a4 T ProcTexLut_FromArray
00104478 00000174 T C3Di_ProcTexUpdate
001045ec 00000068 T C3Di_ProcTexDirty
00104654 00000024 T BufInfo_Init
00104678 00000084 T BufInfo_Add
001046fc 00000040 T C3D_SetBufInfo
0010473c 00000048 T C3Di_BufInfoBind
00104784 00000148 T C3D_DrawArrays
001048cc 00000040 T C3D_DepthMap
0010490c 0000001c T C3D_CullFace
00104928 00000040 T C3D_StencilTest
00104968 00000024 T C3D_StencilOp
0010498c 0000001c T C3D_BlendingColor
001049a8 00000024 T C3D_EarlyDepthTest
001049cc 0000002c T C3D_DepthTest
001049f8 0000002c T C3D_AlphaTest
00104a24 00000050 T C3D_AlphaBlend
00104a74 00000030 T C3D_FragOpMode
00104aa4 00000044 T C3D_FragOpShadow
00104ae8 000001ac T C3Di_EffectBind
00104c94 00000028 T AttrInfo_Init
00104cbc 000000a0 T AttrInfo_AddLoader
00104d5c 00000054 T C3D_SetAttrInfo
00104db0 00000080 T C3Di_AttrInfoBind
00104e30 000000a4 T C3D_ImmSendAttrib
00104ed4 000002b8 T C3D_UpdateUniforms
0010518c 000000c0 T C3Di_DirtyUniforms
0010524c 000000e0 T C3Di_LoadShaderUniforms
0010532c 00000028 T C3Di_ClearShaderUniforms
00105354 000000cc T Mtx_Ortho
00105420 000000cc T Mtx_OrthoTilt
001054ec 00000024 t addrMapNodeComparator(rbtree_node const*, rbtree_node const*)
00105510 00000004 t addrMapNodeDestructor(rbtree_node*)
00105514 00000114 T vramMemAlign
00105628 00000008 T vramAlloc
00105630 00000054 T vramFree
00105684 00000024 t addrMapNodeComparator(rbtree_node const*, rbtree_node const*)
001056a8 00000004 t addrMapNodeDestructor(rbtree_node*)
001056ac 00000124 T linearMemAlign
001057d0 00000008 T linearAlloc
001057d8 00000054 T linearFree
0010582c 0000008c T MemPool::CoalesceRight(MemBlock*)
001058b8 00000174 T MemPool::Allocate(MemChunk&, unsigned long, int)
00105a2c 000000fc T MemPool::Deallocate(MemChunk const&)
00105b28 00000008 t romfs_close
00105b30 000000d4 t romfs_seek
00105c04 00000024 t romfs_dirreset
00105c28 00000078 t romfs_fstat
00105ca0 00000054 t _romfs_read_chk
00105cf4 000000cc t romfs_read
00105dc0 0000007c t romfs_free
00105e3c 0000016c t romfsMountCommon
00105fa8 00000254 t romfs_dirnext
001061fc 000000bc t romfsInitMtime.isra.0
001062b8 000000b4 t searchForFile.constprop.0
0010636c 000000b8 t searchForDir.constprop.0
00106424 000001c4 t navigateToDir.constprop.0
001065e8 0000011c t romfs_open
00106704 00000204 t romfs_stat
00106908 00000054 t romfs_chdir
0010695c 00000078 t romfs_diropen
001069d4 00000008 t romfs_dirclose
001069dc 00000344 T romfsMount
00106d20 00000078 T romfsUnmount
00106d98 00000058 t getSysTime
00106df0 00000028 t __ctru_speedup_config.part.0
00106e18 0000004c T osConvertVirtToPhys
00106e64 00000024 T osGetMemRegionUsed
00106e88 00000128 T __libctru_gtod
00106fb0 00000038 T osTickCounterRead
00106fe8 00000018 T __ctru_speedup_config
00107000 000001b8 T consoleDrawChar
001071b8 00000124 T consolePrintChar
001072dc 0000015c t consoleCls
00107438 00000104 T consoleInit
0010753c 0000010c t consoleClearLine
00107648 000000c4 t newRow
0010770c 000007cc T con_write
00107ed8 0000008c t gfxSetFramebufferInfo.part.0
00107f64 0000006c t gfxSetFramebufferInfo
00107fd0 00000058 t gfxGetFramebuffer.part.0
00108028 00000010 T gfxIs3D
00108038 00000018 T __get_bytes_per_pixel
00108050 00000184 T gfxSetScreenFormat
001081d4 00000010 T gfxSetDoubleBuffering
001081e4 00000214 T gfxInit
001083f8 00000010 T gfxInitDefault
00108408 000000e0 T gfxExit
001084e8 00000064 T gfxGetFramebuffer
0010854c 000000cc T gfxFlushBuffers
00108618 000000f4 T gfxConfigScreen
0010870c 00000020 T gfxSwapBuffersGpu
0010872c 000001f0 T shaderInstanceInit
0010891c 00000034 T shaderInstanceFree
00108950 00000018 T shaderInstanceGetUniformLocation
00108968 00000018 T shaderProgramInit
00108980 0000002c T shaderProgramFree
001089ac 0000006c T shaderProgramSetVsh
00108a18 000008b4 T shaderProgramConfigure
001092cc 000001f8 t DVLE_GenerateOutmap.part.0
001094c4 000001c8 T DVLB_ParseFile
0010968c 00000038 T DVLB_Free
001096c4 00000078 T DVLE_GetUniformRegister
0010973c 00000038 t submitGxCommand
00109774 00000010 T GX_BindQueue
00109784 00000050 T GX_ProcessCommandList
001097d4 00000054 T GX_MemoryFill
00109828 00000048 T GX_DisplayTransfer
00109870 0000004c T GX_TextureCopy
001098bc 00000074 t gxCmdQueueDoCommands.part.0
00109930 000000c8 T gxCmdQueueInterrupt
001099f8 0000004c T gxCmdQueueClear
00109a44 000000f8 T gxCmdQueueAdd
00109b3c 00000080 T gxCmdQueueRun
00109bbc 00000060 T gxCmdQueueStop
00109c1c 00000084 T gxCmdQueueWait
00109ca0 0000013c T GPUCMD_Add
00109ddc 000000b0 T GPUCMD_Split
00109e8c 00000040 T f32tof16
00109ecc 00000040 T f32tof24
00109f0c 00000044 T f32tof31
00109f50 00000074 T gspInit
00109fc4 0000003c T gspExit
0010a000 00000034 T gspSetEventCallback
0010a034 000000a4 T gspInitEventHandler
0010a0d8 00000040 T gspExitEventHandler
0010a118 00000050 T gspWaitForEvent
0010a168 00000064 T gspWaitForAnyEvent
0010a1cc 00000178 t gspEventThreadMain
0010a344 00000124 T gspSubmitGxCommand
0010a468 0000006c T GSPGPU_SetBufferSwap
0010a4d4 0000004c T GSPGPU_FlushDataCache
0010a520 00000034 T GSPGPU_SetLcdForceBlack
0010a554 00000064 T GSPGPU_RegisterInterruptRelayQueue
0010a5b8 0000002c T GSPGPU_UnregisterInterruptRelayQueue
0010a5e4 00000048 T GSPGPU_AcquireRight
0010a62c 0000002c T GSPGPU_ReleaseRight
0010a658 00000080 T GSPGPU_ImportDisplayCaptureInfo
0010a6d8 0000002c T GSPGPU_SaveVramSysArea
0010a704 0000002c T GSPGPU_RestoreVramSysArea
0010a730 00000004 W _aptDebug
0010a734 00000170 T aptSendCommand
0010a8a4 0000003c t aptExitProcess
0010a8e0 00000030 T aptHook
0010a910 00000030 T aptUnhook
0010a940 00000050 T APT_InquireNotification
0010a990 00000194 t aptEventHandler
0010ab24 00000074 T APT_AppletUtility
0010ab98 000000b0 T aptSetSleepAllowed
0010ac48 000000b4 T APT_GlanceParameter
0010acfc 000000c8 T APT_ReceiveParameter
0010adc4 000000bc t aptReceiveParameter.constprop.0
0010ae80 000001e0 t aptScreenTransfer
0010b060 00000210 t aptWaitForWakeUp
0010b270 00000070 T APT_CancelParameter
0010b2e0 0000025c T aptInit
0010b53c 00000088 t aptClearParamQueue
0010b5c4 00000264 T aptMainLoop
0010b828 00000254 T aptExit
0010ba7c 0000007c T APT_CheckNew3DS
0010baf8 00000028 t hidCheckSectionUpdateTime.part.0
0010bb20 000000d0 T hidExit
0010bbf0 000001d8 T hidScanInput
0010bdc8 00000010 T hidKeysHeld
0010bdd8 00000010 T hidKeysDown
0010bde8 00000090 T HIDUSER_GetHandles
0010be78 000001a4 T hidInit
0010c01c 00000074 T ptmSysmInit
0010c090 0000003c T ptmSysmExit
0010c0cc 00000034 T PTMSYSM_ConfigureNew3DSCPU
0010c100 00000028 t fsSessionForArchive.part.0
0010c128 000000c4 T fsInit
0010c1ec 0000003c T fsExit
0010c228 00000064 T fsExemptFromSession
0010c28c 0000005c T fsUnexemptFromSession
0010c2e8 000000bc T FSUSER_OpenFile
0010c3a4 000000d4 T FSUSER_OpenFileDirectly
0010c478 000000ac T FSUSER_DeleteFile
0010c524 000000e8 T FSUSER_RenameFile
0010c60c 000000ac T FSUSER_DeleteDirectory
0010c6b8 000000c4 T FSUSER_CreateFile
0010c77c 000000b4 T FSUSER_CreateDirectory
0010c830 000000e8 T FSUSER_RenameDirectory
0010c918 000000a0 T FSUSER_OpenDirectory
0010c9b8 00000098 T FSUSER_OpenArchive
0010ca50 000000a0 T FSUSER_ControlArchive
0010caf0 00000078 T FSUSER_CloseArchive
0010cb68 00000078 T FSUSER_GetSdmcArchiveResource
0010cbe0 00000064 T FSUSER_IsSdmcWritable
0010cc44 0000005c T FSFILE_Read
0010cca0 00000064 T FSFILE_Write
0010cd04 00000038 T FSFILE_GetSize
0010cd3c 00000028 T FSFILE_SetSize
0010cd64 0000003c T FSFILE_Close
0010cda0 00000024 T FSFILE_Flush
0010cdc4 00000054 T FSDIR_Read
0010ce18 0000003c T FSDIR_Close
0010ce54 00000120 t iov_memmove
0010cf74 000000cc t buffer_read
0010d040 000000d8 t iov_read
0010d118 000001c4 t decompress_rle
0010d2dc 00000268 t decompress_lzss
0010d544 000002ec t decompress_huff.isra.0.part.0
0010d830 00000440 t decompress_lz11
0010dc70 00000010 T decompressCallback_Stdio
0010dc80 000000e8 T decompressHeader
0010dd68 0000023c T decompressV
0010dfa4 00000014 T rbtree_init
0010dfb8 000001a4 t do_insert
0010e15c 00000008 T rbtree_insert
0010e164 00000090 T rbtree_rotate
0010e1f4 00000334 T rbtree_remove
0010e528 00000074 T rbtree_find
0010e59c 000000e8 T utf16_to_utf8
0010e684 00000060 T decode_utf16
0010e6e4 000000c0 T utf8_to_utf16
0010e7a4 00000038 W __libctru_init
0010e7dc 00000034 t __libctru_nanosleep
0010e810 00000030 t __ctru_get_reent
0010e840 000000fc T __system_initSyscalls
0010e93c 00000100 W __system_allocateHeaps
0010ea3c 000000f0 T __system_initArgv
0010eb2c T svcControlMemory
0010eb4c T svcExitProcess
0010eb54 T svcCreateThread
0010eb74 T svcExitThread
0010eb7c T svcSleepThread
0010eb84 T svcReleaseMutex
0010eb8c T svcCreateEvent
0010eba0 T svcSignalEvent
0010eba8 T svcClearEvent
0010ebb0 T svcMapMemoryBlock
0010ebb8 T svcUnmapMemoryBlock
0010ebc0 T svcCreateAddressArbiter
0010ebd4 T svcArbitrateAddress
0010ebec T svcCloseHandle
0010ebf4 T svcWaitSynchronization
0010ebfc T svcWaitSynchronizationN
0010ec24 T svcDuplicateHandle
0010ec38 T svcGetSystemTick
0010ec40 T svcGetSystemInfo
0010ec58 T svcConnectToPort
0010ec6c T svcSendSyncRequest
0010ec74 T svcBreak
0010ec7c 00000024 t addrMapNodeComparator(rbtree_node const*, rbtree_node const*)
0010eca0 00000004 t addrMapNodeDestructor(rbtree_node*)
0010eca4 000000e8 T mappableAlloc
0010ed8c 00000054 T mappableFree
0010ede0 00000038 t LightLock_Unlock.part.0
0010ee18 0000000c T __sync_init
0010ee24 00000018 T __sync_fini
0010ee3c 00000010 T __sync_get_arbiter
0010ee4c 00000018 T LightLock_Init
0010ee64 00000090 T LightLock_Lock
0010eef4 00000034 T LightLock_TryLock
0010ef28 00000020 T LightLock_Unlock
0010ef48 00000024 T RecursiveLock_Init
0010ef6c 00000030 T RecursiveLock_Lock
0010ef9c 00000058 T RecursiveLock_TryLock
0010eff4 00000038 T RecursiveLock_Unlock
0010f02c 00000038 T LightEvent_Init
0010f064 0000007c T LightEvent_Clear
0010f0e0 000000dc T LightEvent_Signal
0010f1bc 000000c0 T LightEvent_Wait
0010f27c 00000084 T envGetHandle
0010f300 0000004c T envDestroyHandles
0010f34c 00000058 T srvExit
0010f3a4 00000038 T srvRegisterClient
0010f3dc 000000cc T srvInit
0010f4a8 00000080 T srvGetServiceHandleDirect
0010f528 00000048 T srvGetServiceHandle
0010f570 0000001c t threadFree.part.0
0010f58c 00000180 T threadCreate
0010f70c 00000024 T threadJoin
0010f730 00000068 T threadExit
0010f798 00000048 t _thread_begin
0010f7e0 000000ac T irrstScanInput
0010f88c 00000024 T irrstKeysHeld
0010f8b0 00000050 T IRRST_GetHandles
0010f900 00000154 T irrstInit
0010fa54 0000002c T IRRST_Shutdown
0010fa80 000000ac T irrstExit
0010fb2c 0000000c T srvPmGetSessionHandle
0010fb38 00000050 T rbtree_node_next
0010fb88 00000068 T encode_utf16
0010fbf0 00000104 T encode_utf8
0010fcf4 00000138 T decode_utf8
0010fe2c 0000001c W __appInit
0010fe48 0000001c W __appExit
0010fe64 000000a0 W __libctru_exit
0010ff04 00000014 t sdmc_link
0010ff18 00000014 t sdmc_dirreset
0010ff2c 00000014 t sdmc_chmod
0010ff40 00000024 t error_cmp
0010ff64 00000050 t sdmc_translate_error
0010ffb4 00000034 t sdmc_fsync
0010ffe8 00000054 t sdmc_ftruncate
0011003c 000000bc t sdmc_statvfs
001100f8 00000038 t sdmc_dirclose
00110130 0000013c t sdmc_dirnext
0011026c 00000034 t sdmc_close
001102a0 00000070 t sdmc_fstat
00110310 000000d4 t sdmc_seek
001103e4 00000078 t sdmc_read
0011045c 000000ac t sdmc_write
00110508 000001b0 t sdmc_utf16path
001106b8 00000074 t sdmc_rmdir
0011072c 000000a4 t sdmc_diropen
001107d0 000000ac t sdmc_chdir
0011087c 00000098 t sdmc_mkdir
00110914 00000108 t sdmc_rename
00110a1c 00000074 t sdmc_unlink
00110a90 00000108 t sdmc_stat
00110b98 00000198 t sdmc_open
00110d30 00000014 t sdmc_fchmod
00110d44 00000168 T sdmcInit
00110eac 00000060 T sdmcExit
00110f0c T __aeabi_read_tp
00110f18 00000244 T cosf
0011115c 00000024 t with_errnof
00111180 0000001c T __math_invalidf
001111a0 0000026c T sinf
0011140c 00000038 T __aeabi_d2lz
0011140c 00000038 T __fixdfdi
00111448 00000040 T __aeabi_d2ulz
00111448 00000040 T __fixunsdfdi
00111488 00000130 T __udivmoddi4
001115b8 0000007c T bsearch
00111634 00000028 T calloc
0011165c 00000094 T _calloc_r
001116f0 0000000c T __errno
001116fc 00000034 T exit
00111730 00000160 T _fclose_r
00111890 00000020 T fclose
001118b0 00000278 T __sflush_r
00111b28 00000094 T _fflush_r
00111bbc 00000038 T fflush
00111bf4 00000078 t std
00111c6c 0000000c T _cleanup_r
00111c78 00000048 T __sfmoreglue
00111cc0 0000008c T __sinit
00111d4c 0000010c T __sfp
00111e58 0000000c T __sfp_lock_acquire
00111e64 0000000c T __sfp_lock_release
00111e70 0000003c T __libc_fini_array
00111eac 00000138 T _fopen_r
00111fe4 00000028 T fopen
0011200c 000002e0 T _fread_r
001122ec 00000038 T fread
00112324 000000f8 T _malloc_trim_r
0011241c 000002e8 T _free_r
00112704 00000020 T _fseek_r
00112724 000005ac T _fseeko_r
00112cd0 00000068 T _fwalk
00112d38 00000070 T _fwalk_reent
00112da8 0000007c T __libc_init_array
00112e24 00000094 T __swhatbuf_r
00112eb8 000000f8 T __smakebuf_r
00112fb0 00000028 T memalign
00112fd8 0000014c T _memalign_r
00113124 00000020 T malloc
00113144 00000020 T free
00113164 000007d0 T _malloc_r
00113934 000000e0 T memchr
00113a14 000000a0 T memcmp
00113ab4 00000120 T memcpy
00113bd4 00000118 T memset
00113cec 0000000c T __malloc_lock
00113cf8 0000000c T __malloc_unlock
00113d04 00000034 T printf
00113d38 0000001c T srand
00113d54 00000044 T rand
00113d98 0000001c t lflush
00113db4 000001ac T __srefill_r
00113f60 00000260 T setvbuf
001141c0 00000074 T sscanf
00114234 0000003c T __sread
00114270 00000008 T __seofread
00114278 00000068 T __swrite
001142e0 00000058 T __sseek
00114338 00000008 T __sclose
00114340 00000144 T strchr
00114484 0000005c T strlen
001144e0 00000098 T strncat
00114578 000000ec T strncmp
00114664 000000c0 T strncpy
00114724 00000048 T strnlen
0011476c 00000048 t get_arg
001147b4 00002b84 T __ssvfscanf_r
00117338 0000003c T time
00117374 00000034 T __sprint_r
001173a8 00000650 t get_arg
001179f8 000038e0 T _vfprintf_r
0011b2d8 000000d4 t __sbprintf
0011b3ac 00000054 T _wcrtomb_r
0011b400 00000020 T _wcsrtombs_r
0011b420 00000150 T __swsetup_r
0011b570 00000118 T __call_exitprocs
0011b688 000001a8 t quorem
0011b830 000012ac T _dtoa_r
0011cadc 000000c8 T __sflags
0011cba4 000004a4 T __sfvwrite_r
0011d048 00000008 T iswspace
0011d050 0000000c T _localeconv_r
0011d05c 00000010 T __locale_mb_cur_max
0011d06c 00000060 T _mbrtowc_r
0011d0cc 000002fc T __utf8_mbtowc
0011d3c8 00000154 T memmove
0011d51c 00000088 T _Balloc
0011d5a4 0000001c T _Bfree
0011d5c0 000000d0 T __multadd
0011d690 000000ec T __s2b
0011d77c 00000058 T __hi0bits
0011d7d4 0000009c T __lo0bits
0011d870 00000020 T __i2b
0011d890 000001e0 T __multiply
0011da70 00000100 T __pow5mult
0011db70 00000114 T __lshift
0011dc84 00000058 T __mcmp
0011dcdc 00000190 T __mdiff
0011de6c 00000088 T __ulp
0011def4 000000d4 T __b2d
0011dfc8 00000104 T __d2b
0011e0cc 00000084 T __ratio
0011e150 0000006c T __copybits
0011e1bc 0000005c T __any_on
0011e218 00000028 T realloc
0011e240 000004bc T _realloc_r
0011e6fc 000000e8 T __sccl
0011e7e4 0000000c T nanf
0011e7f0 000000a8 T frexp
0011e898 00000064 T sprintf
0011e8fc 000000b8 T stpncpy
0011e9b4 00000054 t sulp
0011ea08 00001414 T _strtod_l
0011fe1c 0000000c T _strtod_r
0011fe28 0000023c t _strtoll_l.isra.0
00120064 00000004 T _strtoll_r
00120068 000001b4 t _strtol_l.isra.0
0012021c 00000004 T _strtol_r
00120220 0000024c t _strtoull_l.isra.0
0012046c 00000004 T _strtoull_r
00120470 000001c8 t _strtoul_l.isra.0
00120638 00000004 T _strtoul_r
0012063c 00000188 T __ssprint_r
001207c4 000000e0 T _sungetc_r
001208a4 0000006c T __ssrefill_r
00120910 000000c8 T _sfread_r
001209d8 00000650 t get_arg
00121028 00003814 T _svfprintf_r
0012483c 000000a8 T __submore
001248e4 00000190 T _wcsnrtombs_l
00124a74 00000048 T _wcsnrtombs_r
00124abc 000000f0 T __utf8_wctomb
00124bac 000000ec t rshift
00124c98 00000828 T __gethex
001254c0 00000060 T __match
00125520 0000028c T __hexnan
001257ac 0000003c T iswspace_l
001257e8 000001e0 t __jp2uc
001259c8 00000094 T _jp2uc_l
00125a60 00000010 T nan
00125a70 00000088 T category
00125af8 00000008 t null_write
00125b00 00000018 T setDefaultDevice
00125b18 000000c8 T FindDevice
00125be0 00000028 T RemoveDevice
00125c08 0000009c T AddDevice
00125ca4 00000078 T _fstat_r
00125d1c 00000038 T _gettimeofday_r
00125d54 00000008 T _isatty_r
00125d5c 00000084 T _lseek_r
00125de0 000000c4 T _open_r
00125ea4 00000080 T _read_r
00125f24 00000078 T _sbrk_r
00125f9c 00000080 T _write_r
0012601c 00000024 T _exit
00126040 000001bc T _concatenate_path
001261fc 0000015c T chdir
00126358 00000008 T __flockfile
00126360 00000008 T __funlockfile
00126368 00000018 T __libc_lock_acquire
00126380 00000018 T __libc_lock_release
00126398 00000018 T __libc_lock_init_recursive
001263b0 00000018 T __libc_lock_acquire_recursive
001263c8 00000018 T __libc_lock_release_recursive
001263e0 00000018 T __libc_lock_close_recursive
001263f8 0000008c T __release_handle
00126484 000000b4 T __alloc_handle
00126538 0000003c T __get_handle
00126574 000000f8 T _close_r
0012666c 00000028 T __getreent
00126694 00000044 T strrchr
001266d8 T _fini
00127000 R render2d_shbin
0012718c R render2d_shbin_end
0012718c R render2d_shbin_size
0012719c R default_font_bin
0012799c R default_font_bin_end
0012799c R default_font_bin_size
00127a94 00000038 r CSWTCH.11
00127acc 00000005 r colorFmtSizes
00127ad4 00000004 r depthFmtSizes
00127ad8 00000010 r CSWTCH.7
00127b80 00000030 r colorTable
00127bb0 00000070 r dotab_stdout
00127c20 00000014 r CSWTCH.62
00127c34 00000008 r framebufferInfoSt
00127cac 00000030 r error_table
00127cdc 00000060 R __inv_pio4
00127d40 000000e0 R __sincosf_table
00127e20 00000004 R _global_impure_ptr
00127e2c 00000022 r basefix.8820
00127e8c 00000010 r blanks.8791
00127e9c 00000010 r zeroes.8792
00127eac 00000101 R _ctype_
00127fc0 r .LC2
00128008 00000028 R __mprec_bigtens
00128030 000000c8 R __mprec_tens
001280f8 0000000c r p05.7510
00128114 00000014 r fpi.7590
00128128 00000014 r fpinan.7626
00128140 00000028 r tinytens
00128168 0000006c R __action_table
001281d4 00000100 R __chclass
001282d4 0000006c R __state_table
00128340 00000010 r blanks.8776
00128350 00000010 r zeroes.8777
00128360 00000100 R __hexdig
00128474 000000bc r a1
00128530 000000bc r a2
001285ec 0000005b r a3
00128648 00000070 r a6
001286b8 000000a2 r a7
0012875c 00000040 r a8
0012879c 0000172a r b02cf
00129ec8 00001a7c r d02f4
0012b944 0000000c R _C_numeric_locale
0012b950 0000309c r categories
0012e9f4 00000070 R dotab_stdnull
0012ea64 r 
0012ea64 R __exidx_end
0012ea64 R __exidx_start
0012f000 W __stacksize__
0012f004 00000004 d framerate
0012f008 00000008 d framerateCounter
0012f010 00000070 d romFS_devoptab
0012f080 00000004 D currentConsole
0012f084 0000004c D defaultConsole
0012f0d0 00000001 d firstConsoleInit.8429
0012f0d1 00000001 d botFormat
0012f0d4 00000008 d doubleBuf
0012f0dc 00000001 d topFormat
0012f0e0 00000004 d queueLock
0012f0e4 00000004 d gspLastEvent
0012f0e8 00000004 d aptFlags
0012f0ec 00000001 d aptHomeAllowed
0012f0f0 00000004 V __ctru_linear_heap_size
0012f0f4 00000401 d __cwd
0012f4f8 00000070 d sdmc_devoptab
0012f568 0000000c d __sfp_recursive_mutex
0012f574 0000000c d __sinit_recursive_mutex
0012f580 00000004 D _impure_ptr
0012f588 00000460 d impure_data
0012f9e8 00000408 D __malloc_av_
0012fdf0 00000004 D __malloc_sbrk_base
0012fdf4 00000004 D __malloc_trim_threshold
0012fdf8 0000000c d __malloc_recursive_mutex
0012fe04 0000000c D __atexit_recursive_mutex
0012fe10 0000016c D __global_locale
0012ff7c 00000002 d numempty
0012ff80 00000004 d defaultDevice
0012ff84 0000008c D devoptab_list
00130010 00000400 d _current_working_directory
00130410 00000004 d __hndl_lock
00130414 0000000c d __stderr_handle
00130420 0000000c d __stdin_handle
0013042c 0000000c d __stdout_handle
00130438 00001000 d handles
00131438 t __frame_dummy_init_array_entry
00131438 T __init_array_start
00131438 B __preinit_array_end
00131438 B __preinit_array_start
00131438 D __tdata_lma
00131438 D __tdata_lma_end
00131438 D __TMC_END__
00131438 d __TMC_LIST__
0013143c t __do_global_dtors_aux_fini_array_entry
0013143c T __fini_array_start
0013143c T __init_array_end
00131440 T __bss_start__
00131440 T __fini_array_end
00131440 00000090 b sprites
001314d0 00000004 b spriteSheet
001314d4 b saved_stack
001314dc b completed.10434
001314e0 b object.10439
001314f8 00000040 b s_projBot
00131538 00000040 b s_projTop
00131578 00000004 b uLoc_mdlvMtx
0013157c 00000004 b uLoc_projMtx
00131580 0000000c b hookCookie
00131590 00000010 b cpuTime
001315a0 00000004 b firstTarget
001315a4 00000008 b frameCounter
001315ac 00000004 b frameEndCb
001315b0 00000004 b frameEndCbData
001315b4 00000001 b frameStage
001315b8 00000010 b gpuTime
001315c8 00000001 b inFrame
001315c9 00000001 b inSafeTransfer
001315ca 00000001 b initialized
001315cc 00000004 b lastTarget
001315d0 0000000c b linkedTarget
001315dc 00000001 b measureGpuTime
001315e0 000000c0 b C3Di_FVUnifEverDirty
001316a0 00000008 b C3Di_IVUnifEverDirty
001316a8 00000018 b C3Di_ShaderFVecData
001316c0 0000000c b sAddrMap
001316cc 00000008 b sVramPool
001316d4 00000008 b sLinearPool
001316dc 0000000c b sAddrMap
001316e8 00000401 b __component
00131aec 00000004 V __romfs_path
00131af0 00000802 b __utf16path
001322f4 00000004 b romfs_mount_list
001322f8 00000001 V __ctru_speedup
001322fc 00000002 b currentBuffer
001322fe 00000001 b enable3d
00132300 00000004 b screenAlloc
00132304 00000004 b screenFree
00132308 00000004 b boundQueue
0013230c 00000004 b curQueue
00132310 00000001 b isActive
00132311 00000001 b isRunning
00132312 00000001 b shouldStop
00132314 00000004 b gspEvent
00132318 0000001c b gspEventCb
00132334 0000001c b gspEventCbData
00132350 00000007 b gspEventCbOneShot
00132358 0000001c b gspEventCounts
00132374 00000004 b gspEventData
00132378 00000004 b gspEventThread
0013237c 00000038 b gspEvents
001323b4 00000004 b gspRefCount
001323b8 00000001 b gspRunEvents
001323b9 00000001 b aptChainloadMediatype
001323c0 00000008 b aptChainloadTid
001323c8 00000004 b aptEventHandlerThread
001323cc 0000000c b aptEvents
001323d8 0000000c b aptFirstHook
001323e4 00000001 b aptHomeButtonState
001323e8 00000004 b aptLockHandle
001323ec 00000004 b aptMessageFunc
001323f0 00000004 b aptMessageFuncData
001323f4 00001000 b aptParameters
001333f4 00000001 b aptRecentHomeButtonState
001333f8 00000004 b aptRefCount
001333fc 00000008 b aptSleepEvent
00133404 00000001 b flagInit.8300
00133405 00000001 b flagValue.8301
00133408 00000004 b serviceName.7930
0013340c 00000006 b aVec
00133414 00000004 b cPos
00133418 00000006 b gRate
00133420 00000004 b hidRefCount
00133424 00000004 b kDown
00133428 00000004 b kHeld
0013342c 00000004 b kOld
00133430 00000004 b kUp
00133434 00000004 b tPos
00133438 00000004 b ptmSysmHandle
0013343c 00000004 b ptmSysmRefCount
00133440 00000080 b fsExemptArchives
001334c0 00000004 b fsuHandle
001334c4 00000004 b fsuRefCount
001334c8 00000004 V __ctru_heap_size
001334cc 00000008 b sMappablePool
001334d4 0000000c b sAddrMap
001334e0 00000004 b arbiter
001334e4 00000004 b srvHandle
001334e8 00000004 b srvRefCount
001334ec 00000004 b csPos
001334f0 00000004 b irrstRefCount
001334f4 00000004 b kHeld
001334f8 00000004 b srvPmHandle
00133500 00000008 b sdmcArchive
00133508 00000001 b sdmcInitialised
0013350c 00000028 B __malloc_current_mallinfo
00133534 00000004 B __malloc_max_sbrked_mem
00133538 00000004 B __malloc_max_total_mem
0013353c 00000004 B __malloc_top_pad
00133540 00000004 b heap_start.7420
00133544 00000004 B fake_heap_end
00133548 00000004 B fake_heap_start
0013354c 00000400 b temp_cwd
0013394c 00000048 B __syscalls
00133998 000005a0 B __C2Di_Context
00133f38 000002d0 B __C3D_Context
00134208 00000020 B C3D_IVUnif
00134228 000000c0 B C3D_FVUnifDirty
001342e8 00000002 B C3D_BoolUnifsDirty
001342ec 00000008 B C3D_IVUnifDirty
001342f4 00000004 B C3D_BoolUnifs
001342f8 00000c00 B C3D_FVUnif
00134ef8 0000004c B currentCopy
00134f44 00000008 B gfxBottomFramebuffers
00134f4c 00000004 B gspSharedMemHandle
00134f50 0000001c B bottomFramebufferInfo
00134f6c 00000004 B gspEvent
00134f70 00000008 B gfxTopLeftFramebuffers
00134f78 00000008 B gfxTopRightFramebuffers
00134f80 0000001c B topFramebufferInfo
00134f9c 00000001 B gfxThreadID
00134fa0 00000004 B gfxSharedMemory
00134fa4 00000004 B gfxTopFramebufferMaxSize
00134fa8 00000004 B gfxBottomFramebufferMaxSize
00134fac 00000004 B gxCmdBuf
00134fb0 00000004 B gpuCmdBuf
00134fb4 00000004 B gpuCmdBufOffset
00134fb8 00000004 B gpuCmdBufSize
00134fbc 00000004 B gspGpuHandle
00134fc0 00000004 B hidMemHandle
00134fc4 00000004 B hidHandle
00134fc8 00000004 B hidSharedMem
00134fcc 00000014 B hidEvents
00134fe0 00000004 B __system_retAddr
00134fe4 00000004 B __ctru_linear_heap
00134fe8 00000004 B __ctru_heap
00134fec 00000004 B __system_argv
00134ff0 00000004 B __system_argc
00134ff4 00000004 B irrstHandle
00134ff8 00000004 B irrstEvent
00134ffc 00000004 B irrstMemHandle
00135000 00000004 B irrstSharedMem
00135004 B __tls_start
00136410 B __bss_end__
00136410 A __end__
00136410 B __tls_end
