         w __deregister_frame_info
         w _ITM_deregisterTMCloneTable
         w _ITM_registerTMCloneTable
         w __register_frame_info
00000000 00000401 b __fixedpath
00000000 b .LANCHOR1
00000000 a shift
00000000 a shift
00000000 b _TLS_MODULE_BASE_
00000404 b .LANCHOR3
00000404 00000802 b __utf16path
00000c08 b .LANCHOR5
00000c08 00000802 b __utf16path_old.8583
00100000 T _start
00100000 A __start__
00100008 T __service_ptr
0010000c T __apt_appid
00100010 T __heap_size
00100014 T __linear_heap_size
00100018 T __system_arglist
0010001c T __system_runflags
00100020 t startup
00100058 t ClearMem
0010006c t ClrLoop
00100094 T _init
001000ac T initSystem
001000f0 T __ctru_exit
00100110 T __aeabi_uidiv
00100110 000001ec T __udivsi3
00100110 t .udivsi3_skip_div0_test
001002fc 00000020 T __aeabi_uidivmod
0010031c T __aeabi_idiv
0010031c 00000220 T __divsi3
00100324 t .divsi3_skip_div0_test
0010053c 00000020 T __aeabi_idivmod
0010055c 00000004 W __aeabi_idiv0
0010055c 00000004 W __aeabi_ldiv0
00100560 T __aeabi_drsub
00100568 000002b0 T __aeabi_dsub
00100568 000002b0 T __subdf3
0010056c 000002ac T __adddf3
0010056c 000002ac T __aeabi_dadd
00100818 00000024 T __aeabi_ui2d
00100818 00000024 T __floatunsidf
0010083c 00000028 T __aeabi_i2d
0010083c 00000028 T __floatsidf
00100864 00000048 T __aeabi_f2d
00100864 00000048 T __extendsfdf2
001008ac 00000074 T __aeabi_ul2d
001008ac 00000074 T __floatundidf
001008c0 00000060 T __aeabi_l2d
001008c0 00000060 T __floatdidf
00100920 T __aeabi_uldivmod
00100968 00000390 T strcmp
00100cf0 t deregister_tm_clones
00100d1c t register_tm_clones
00100d54 t __do_global_dtors_aux
00100d98 t frame_dummy
00100dcc 000000a8 T ballCollision
00100e74 00000078 T saveScoreToFile
00100ef0 0000040c T ballUpdate
00101300 00000260 T moveSprites
00101560 00000430 T play
00101990 000000e0 T scores
00101a70 00000154 T main
00101bc4 00000330 T C2D_Init
00101ef4 00000044 T C2D_Fini
00101f38 000000c8 T C2D_Prepare
00102000 0000010c T C2D_SceneSize
0010210c 00000044 T C2D_CreateScreenTarget
00102150 0000013c T C2Di_CalcQuad
0010228c 00000030 T C2Di_FlushVtxBuf
001022bc 00000020 t C2Di_FrameEndHook
001022dc 00000018 T C2D_Flush
001022f4 00000030 T C2D_TargetClear
00102324 00000210 T C2Di_Update
00102534 000002ec T C2D_DrawImage
00102820 0000006c T C2D_SpriteSheetLoadFromHandle
0010288c 00000034 T C2D_SpriteSheetLoad
001028c0 00000028 T C2D_SpriteSheetFree
001028e8 00000008 T C2D_SpriteSheetCount
001028f0 00000028 T C2D_SpriteSheetGetImage
00102918 000000c4 t C3Di_SplitFrame.part.1
001029dc 00000004 W C3Di_LightEnvUpdate
001029e0 00000004 W C3Di_LightEnvDirty
001029e4 000000ac t C3Di_AptEventHook
00102a90 00000004 W C3Di_GasUpdate
00102a94 0000021c T C3D_Init
00102cb0 00000098 T C3D_SetViewport
00102d48 0000050c T C3Di_UpdateContext
00103254 00000020 T C3Di_SplitFrame
00103274 00000064 T C3D_Fini
001032d8 00000114 T C3D_BindProgram
001033ec 00000054 t C3Di_RenderQueueInit
00103440 00000080 t C3Di_RenderTargetDestroy
001034c0 000000ac t onVBlank1
0010356c 0000013c t onVBlank0
001036a8 0000000c t C3Di_RenderTargetNew
001036b4 0000007c t C3Di_WaitAndClearQueue
00103730 000000c0 t onQueueFinish
001037f0 00000044 t C3D_FrameSplit.part.6
00103834 00000030 T C3D_FrameSync
00103864 000000a0 T C3Di_RenderQueueExit
00103904 00000020 T C3Di_RenderQueueWaitDone
00103924 0000007c T C3D_FrameBegin
001039a0 00000048 T C3D_FrameDrawOn
001039e8 00000018 T C3D_FrameSplit
00103a00 00000164 T C3D_FrameEnd
00103b64 0000001c T C3D_FrameEndHook
00103b80 0000017c T C3D_RenderTargetCreate
00103cfc 0000004c T C3D_RenderTargetSetOutput
00103d48 000000b4 T C3D_SyncTextureCopy
00103dfc 00000284 T C3D_TexInitWithParams
00104080 000000dc T C3D_TexLoadImage
0010415c 00000048 T C3D_TexBind
001041a4 0000007c T C3D_TexDelete
00104220 00000174 T C3Di_SetTex
00104394 000003e8 t Tex3DSi_ImportCommon
0010477c 00000034 T Tex3DS_TextureImportStdio
001047b0 00000008 T Tex3DS_GetNumSubTextures
001047b8 0000001c T Tex3DS_GetSubTexture
001047d4 00000004 T Tex3DS_TextureFree
001047d8 0000001c T C3D_CalcColorBufSize
001047f4 0000001c T C3D_CalcDepthBufSize
00104810 00000044 T C3D_SetFrameBuf
00104854 00000168 T C3Di_FrameBufBind
001049bc 000000c8 T C3D_FrameBufClear
00104a84 00000048 T C3D_FrameBufTransfer
00104acc 00000034 T C3D_GetTexEnv
00104b00 00000024 T C3Di_TexEnvBind
00104b24 0000006c T C3D_ProcTexInit
00104b90 00000050 T C3D_ProcTexBind
00104be0 00000060 T C3D_ProcTexLutBind
00104c40 000000a4 T ProcTexLut_FromArray
00104ce4 00000174 T C3Di_ProcTexUpdate
00104e58 00000068 T C3Di_ProcTexDirty
00104ec0 00000024 T BufInfo_Init
00104ee4 00000084 T BufInfo_Add
00104f68 00000040 T C3D_SetBufInfo
00104fa8 00000048 T C3Di_BufInfoBind
00104ff0 00000148 T C3D_DrawArrays
00105138 00000040 T C3D_DepthMap
00105178 0000001c T C3D_CullFace
00105194 00000040 T C3D_StencilTest
001051d4 00000024 T C3D_StencilOp
001051f8 0000001c T C3D_BlendingColor
00105214 00000024 T C3D_EarlyDepthTest
00105238 0000002c T C3D_DepthTest
00105264 0000002c T C3D_AlphaTest
00105290 00000050 T C3D_AlphaBlend
001052e0 00000030 T C3D_FragOpMode
00105310 00000044 T C3D_FragOpShadow
00105354 000001ac T C3Di_EffectBind
00105500 00000028 T AttrInfo_Init
00105528 000000a0 T AttrInfo_AddLoader
001055c8 00000054 T C3D_SetAttrInfo
0010561c 00000080 T C3Di_AttrInfoBind
0010569c 000000a4 T C3D_ImmSendAttrib
00105740 000002b8 T C3D_UpdateUniforms
001059f8 000000c0 T C3Di_DirtyUniforms
00105ab8 000000e0 T C3Di_LoadShaderUniforms
00105b98 00000028 T C3Di_ClearShaderUniforms
00105bc0 000000cc T Mtx_Ortho
00105c8c 000000cc T Mtx_OrthoTilt
00105d58 00000024 t addrMapNodeComparator(rbtree_node const*, rbtree_node const*)
00105d7c 00000004 t addrMapNodeDestructor(rbtree_node*)
00105d80 00000114 T vramMemAlign
00105e94 00000008 T vramAlloc
00105e9c 00000054 T vramFree
00105ef0 00000024 t addrMapNodeComparator(rbtree_node const*, rbtree_node const*)
00105f14 00000004 t addrMapNodeDestructor(rbtree_node*)
00105f18 00000124 T linearMemAlign
0010603c 00000008 T linearAlloc
00106044 00000054 T linearFree
00106098 0000008c T MemPool::CoalesceRight(MemBlock*)
00106124 00000174 T MemPool::Allocate(MemChunk&, unsigned long, int)
00106298 000000fc T MemPool::Deallocate(MemChunk const&)
00106394 00000008 t romfs_close
0010639c 000000d4 t romfs_seek
00106470 00000024 t romfs_dirreset
00106494 00000078 t romfs_fstat
0010650c 00000054 t _romfs_read_chk
00106560 000000cc t romfs_read
0010662c 0000007c t romfs_free
001066a8 0000016c t romfsMountCommon
00106814 00000254 t romfs_dirnext
00106a68 000000bc t romfsInitMtime.isra.0
00106b24 000000b4 t searchForFile.constprop.0
00106bd8 000000b8 t searchForDir.constprop.0
00106c90 000001c4 t navigateToDir.constprop.0
00106e54 0000011c t romfs_open
00106f70 00000204 t romfs_stat
00107174 00000054 t romfs_chdir
001071c8 00000078 t romfs_diropen
00107240 00000008 t romfs_dirclose
00107248 00000344 T romfsMount
0010758c 00000078 T romfsUnmount
00107604 00000058 t getSysTime
0010765c 00000028 t __ctru_speedup_config.part.0
00107684 0000004c T osConvertVirtToPhys
001076d0 00000024 T osGetMemRegionUsed
001076f8 00000128 T __libctru_gtod
00107820 00000018 T __ctru_speedup_config
00107838 000001b8 T consoleDrawChar
001079f0 00000124 T consolePrintChar
00107b14 0000015c t consoleCls
00107c70 00000104 T consoleInit
00107d74 0000010c t consoleClearLine
00107e80 000000c4 t newRow
00107f44 000007cc T con_write
00108710 0000008c t gfxSetFramebufferInfo.part.0
0010879c 0000006c t gfxSetFramebufferInfo
00108808 00000058 t gfxGetFramebuffer.part.0
00108860 00000010 T gfxIs3D
00108870 00000018 T __get_bytes_per_pixel
00108888 00000184 T gfxSetScreenFormat
00108a0c 00000010 T gfxSetDoubleBuffering
00108a1c 00000214 T gfxInit
00108c30 00000010 T gfxInitDefault
00108c40 000000e0 T gfxExit
00108d20 00000064 T gfxGetFramebuffer
00108d84 000000cc T gfxFlushBuffers
00108e50 000000f4 T gfxConfigScreen
00108f44 00000020 T gfxSwapBuffersGpu
00108f64 000001f0 T shaderInstanceInit
00109154 00000034 T shaderInstanceFree
00109188 00000018 T shaderInstanceGetUniformLocation
001091a0 00000018 T shaderProgramInit
001091b8 0000002c T shaderProgramFree
001091e4 0000006c T shaderProgramSetVsh
00109250 000008b4 T shaderProgramConfigure
00109b04 000001f8 t DVLE_GenerateOutmap.part.0
00109cfc 000001c8 T DVLB_ParseFile
00109ec4 00000038 T DVLB_Free
00109efc 00000078 T DVLE_GetUniformRegister
00109f74 00000038 t submitGxCommand
00109fac 00000010 T GX_BindQueue
00109fbc 00000050 T GX_ProcessCommandList
0010a00c 00000054 T GX_MemoryFill
0010a060 00000048 T GX_DisplayTransfer
0010a0a8 0000004c T GX_TextureCopy
0010a0f4 00000074 t gxCmdQueueDoCommands.part.0
0010a168 000000c8 T gxCmdQueueInterrupt
0010a230 0000004c T gxCmdQueueClear
0010a27c 000000f8 T gxCmdQueueAdd
0010a374 00000080 T gxCmdQueueRun
0010a3f4 00000060 T gxCmdQueueStop
0010a454 00000084 T gxCmdQueueWait
0010a4d8 0000013c T GPUCMD_Add
0010a614 000000b0 T GPUCMD_Split
0010a6c4 00000040 T f32tof16
0010a704 00000040 T f32tof24
0010a744 00000044 T f32tof31
0010a788 00000074 T gspInit
0010a7fc 0000003c T gspExit
0010a838 00000034 T gspSetEventCallback
0010a86c 000000a4 T gspInitEventHandler
0010a910 00000040 T gspExitEventHandler
0010a950 00000050 T gspWaitForEvent
0010a9a0 00000064 T gspWaitForAnyEvent
0010aa04 00000178 t gspEventThreadMain
0010ab7c 00000124 T gspSubmitGxCommand
0010aca0 0000006c T GSPGPU_SetBufferSwap
0010ad0c 0000004c T GSPGPU_FlushDataCache
0010ad58 00000034 T GSPGPU_SetLcdForceBlack
0010ad8c 00000064 T GSPGPU_RegisterInterruptRelayQueue
0010adf0 0000002c T GSPGPU_UnregisterInterruptRelayQueue
0010ae1c 00000048 T GSPGPU_AcquireRight
0010ae64 0000002c T GSPGPU_ReleaseRight
0010ae90 00000080 T GSPGPU_ImportDisplayCaptureInfo
0010af10 0000002c T GSPGPU_SaveVramSysArea
0010af3c 0000002c T GSPGPU_RestoreVramSysArea
0010af68 00000004 W _aptDebug
0010af6c 00000170 T aptSendCommand
0010b0dc 0000003c t aptExitProcess
0010b118 00000030 T aptHook
0010b148 00000030 T aptUnhook
0010b178 00000050 T APT_InquireNotification
0010b1c8 00000194 t aptEventHandler
0010b35c 00000074 T APT_AppletUtility
0010b3d0 000000b0 T aptSetSleepAllowed
0010b480 000000b4 T APT_GlanceParameter
0010b534 000000c8 T APT_ReceiveParameter
0010b5fc 000000bc t aptReceiveParameter.constprop.0
0010b6b8 000001e0 t aptScreenTransfer
0010b898 00000210 t aptWaitForWakeUp
0010baa8 00000070 T APT_CancelParameter
0010bb18 0000025c T aptInit
0010bd74 00000088 t aptClearParamQueue
0010bdfc 00000264 T aptMainLoop
0010c060 00000254 T aptExit
0010c2b4 0000007c T APT_CheckNew3DS
0010c330 00000028 t hidCheckSectionUpdateTime.part.0
0010c358 000000d0 T hidExit
0010c428 000001d8 T hidScanInput
0010c600 00000010 T hidKeysHeld
0010c610 00000010 T hidKeysDown
0010c620 00000010 T hidKeysUp
0010c630 00000090 T HIDUSER_GetHandles
0010c6c0 000001a4 T hidInit
0010c864 00000074 T ptmSysmInit
0010c8d8 0000003c T ptmSysmExit
0010c914 00000034 T PTMSYSM_ConfigureNew3DSCPU
0010c948 00000028 t fsSessionForArchive.part.0
0010c970 000000c4 T fsInit
0010ca34 0000003c T fsExit
0010ca70 00000064 T fsExemptFromSession
0010cad4 0000005c T fsUnexemptFromSession
0010cb30 000000bc T FSUSER_OpenFile
0010cbec 000000d4 T FSUSER_OpenFileDirectly
0010ccc0 000000ac T FSUSER_DeleteFile
0010cd6c 000000e8 T FSUSER_RenameFile
0010ce54 000000ac T FSUSER_DeleteDirectory
0010cf00 000000c4 T FSUSER_CreateFile
0010cfc4 000000b4 T FSUSER_CreateDirectory
0010d078 000000e8 T FSUSER_RenameDirectory
0010d160 000000a0 T FSUSER_OpenDirectory
0010d200 00000098 T FSUSER_OpenArchive
0010d298 000000a0 T FSUSER_ControlArchive
0010d338 00000078 T FSUSER_CloseArchive
0010d3b0 00000078 T FSUSER_GetSdmcArchiveResource
0010d428 00000064 T FSUSER_IsSdmcWritable
0010d48c 0000005c T FSFILE_Read
0010d4e8 00000064 T FSFILE_Write
0010d54c 00000038 T FSFILE_GetSize
0010d584 00000028 T FSFILE_SetSize
0010d5ac 0000003c T FSFILE_Close
0010d5e8 00000024 T FSFILE_Flush
0010d60c 00000054 T FSDIR_Read
0010d660 0000003c T FSDIR_Close
0010d69c 00000120 t iov_memmove
0010d7bc 000000cc t buffer_read
0010d888 000000d8 t iov_read
0010d960 000001c4 t decompress_rle
0010db24 00000268 t decompress_lzss
0010dd8c 000002ec t decompress_huff.isra.0.part.0
0010e078 00000440 t decompress_lz11
0010e4b8 00000010 T decompressCallback_Stdio
0010e4c8 000000e8 T decompressHeader
0010e5b0 0000023c T decompressV
0010e7ec 00000014 T rbtree_init
0010e800 000001a4 t do_insert
0010e9a4 00000008 T rbtree_insert
0010e9ac 00000090 T rbtree_rotate
0010ea3c 00000334 T rbtree_remove
0010ed70 00000074 T rbtree_find
0010ede4 000000e8 T utf16_to_utf8
0010eecc 00000060 T decode_utf16
0010ef2c 000000c0 T utf8_to_utf16
0010efec 00000038 W __libctru_init
0010f024 00000034 t __libctru_nanosleep
0010f058 00000030 t __ctru_get_reent
0010f088 000000fc T __system_initSyscalls
0010f184 00000100 W __system_allocateHeaps
0010f284 000000f0 T __system_initArgv
0010f374 T svcControlMemory
0010f394 T svcExitProcess
0010f39c T svcCreateThread
0010f3bc T svcExitThread
0010f3c4 T svcSleepThread
0010f3cc T svcReleaseMutex
0010f3d4 T svcCreateEvent
0010f3e8 T svcSignalEvent
0010f3f0 T svcClearEvent
0010f3f8 T svcMapMemoryBlock
0010f400 T svcUnmapMemoryBlock
0010f408 T svcCreateAddressArbiter
0010f41c T svcArbitrateAddress
0010f434 T svcCloseHandle
0010f43c T svcWaitSynchronization
0010f444 T svcWaitSynchronizationN
0010f46c T svcDuplicateHandle
0010f480 T svcGetSystemTick
0010f488 T svcGetSystemInfo
0010f4a0 T svcConnectToPort
0010f4b4 T svcSendSyncRequest
0010f4bc T svcBreak
0010f4c4 00000024 t addrMapNodeComparator(rbtree_node const*, rbtree_node const*)
0010f4e8 00000004 t addrMapNodeDestructor(rbtree_node*)
0010f4ec 000000e8 T mappableAlloc
0010f5d4 00000054 T mappableFree
0010f628 00000038 t LightLock_Unlock.part.0
0010f660 0000000c T __sync_init
0010f66c 00000018 T __sync_fini
0010f684 00000010 T __sync_get_arbiter
0010f694 00000018 T LightLock_Init
0010f6ac 00000090 T LightLock_Lock
0010f73c 00000034 T LightLock_TryLock
0010f770 00000020 T LightLock_Unlock
0010f790 00000024 T RecursiveLock_Init
0010f7b4 00000030 T RecursiveLock_Lock
0010f7e4 00000058 T RecursiveLock_TryLock
0010f83c 00000038 T RecursiveLock_Unlock
0010f874 00000038 T LightEvent_Init
0010f8ac 0000007c T LightEvent_Clear
0010f928 000000dc T LightEvent_Signal
0010fa04 000000c0 T LightEvent_Wait
0010fac4 00000084 T envGetHandle
0010fb48 0000004c T envDestroyHandles
0010fb94 00000058 T srvExit
0010fbec 00000038 T srvRegisterClient
0010fc24 000000cc T srvInit
0010fcf0 00000080 T srvGetServiceHandleDirect
0010fd70 00000048 T srvGetServiceHandle
0010fdb8 0000001c t threadFree.part.0
0010fdd4 00000180 T threadCreate
0010ff54 00000024 T threadJoin
0010ff78 00000068 T threadExit
0010ffe0 00000048 t _thread_begin
00110028 000000ac T irrstScanInput
001100d4 00000024 T irrstKeysHeld
001100f8 00000050 T IRRST_GetHandles
00110148 00000154 T irrstInit
0011029c 0000002c T IRRST_Shutdown
001102c8 000000ac T irrstExit
00110374 0000000c T srvPmGetSessionHandle
00110380 00000050 T rbtree_node_next
001103d0 00000068 T encode_utf16
00110438 00000104 T encode_utf8
0011053c 00000138 T decode_utf8
00110674 0000001c W __appInit
00110690 0000001c W __appExit
001106ac 000000a0 W __libctru_exit
0011074c 00000014 t sdmc_link
00110760 00000014 t sdmc_dirreset
00110774 00000014 t sdmc_chmod
00110788 00000024 t error_cmp
001107ac 00000050 t sdmc_translate_error
001107fc 00000034 t sdmc_fsync
00110830 00000054 t sdmc_ftruncate
00110884 000000bc t sdmc_statvfs
00110940 00000038 t sdmc_dirclose
00110978 0000013c t sdmc_dirnext
00110ab4 00000034 t sdmc_close
00110ae8 00000070 t sdmc_fstat
00110b58 000000d4 t sdmc_seek
00110c2c 00000078 t sdmc_read
00110ca4 000000ac t sdmc_write
00110d50 000001b0 t sdmc_utf16path
00110f00 00000074 t sdmc_rmdir
00110f74 000000a4 t sdmc_diropen
00111018 000000ac t sdmc_chdir
001110c4 00000098 t sdmc_mkdir
0011115c 00000108 t sdmc_rename
00111264 00000074 t sdmc_unlink
001112d8 00000108 t sdmc_stat
001113e0 00000198 t sdmc_open
00111578 00000014 t sdmc_fchmod
0011158c 00000168 T sdmcInit
001116f4 00000060 T sdmcExit
00111754 T __aeabi_read_tp
00111760 00000244 T cosf
001119a4 00000024 t with_errnof
001119c8 0000001c T __math_invalidf
001119e8 0000026c T sinf
00111c58 000000f8 T sqrt
00111d50 00000008 T __ieee754_sqrt
00111d58 00000008 T matherr
00111d60 00000038 T __aeabi_d2lz
00111d60 00000038 T __fixdfdi
00111d98 00000040 T __aeabi_d2ulz
00111d98 00000040 T __fixunsdfdi
00111dd8 00000130 T __udivmoddi4
00111f08 0000007c T bsearch
00111f84 00000028 T calloc
00111fac 00000094 T _calloc_r
00112040 0000000c T __errno
0011204c 00000034 T exit
00112080 00000160 T _fclose_r
001121e0 00000020 T fclose
00112200 00000278 T __sflush_r
00112478 00000094 T _fflush_r
0011250c 00000038 T fflush
00112544 00000078 t std
001125bc 0000000c T _cleanup_r
001125c8 00000048 T __sfmoreglue
00112610 0000008c T __sinit
0011269c 0000010c T __sfp
001127a8 0000000c T __sfp_lock_acquire
001127b4 0000000c T __sfp_lock_release
001127c0 0000003c T __libc_fini_array
001127fc 00000138 T _fopen_r
00112934 00000028 T fopen
0011295c 0000003c T fprintf
00112998 000002e0 T _fread_r
00112c78 00000038 T fread
00112cb0 000000f8 T _malloc_trim_r
00112da8 000002e8 T _free_r
00113090 0000003c T fscanf
001130cc 00000020 T _fseek_r
001130ec 000005ac T _fseeko_r
00113698 00000068 T _fwalk
00113700 00000070 T _fwalk_reent
00113770 0000007c T __libc_init_array
001137ec 00000094 T __swhatbuf_r
00113880 000000f8 T __smakebuf_r
00113978 00000028 T memalign
001139a0 0000014c T _memalign_r
00113aec 00000020 T malloc
00113b0c 00000020 T free
00113b2c 000007d0 T _malloc_r
001142fc 000000e0 T memchr
001143dc 000000a0 T memcmp
0011447c 00000120 T memcpy
0011459c 00000118 T memset
001146b4 0000000c T __malloc_lock
001146c0 0000000c T __malloc_unlock
001146cc 000001e0 T _perror_r
001148ac 00000020 T perror
001148cc 00000034 T printf
00114900 00000024 T putchar
00114924 000000dc T _putc_r
00114a00 0000001c T srand
00114a1c 0000001c t lflush
00114a38 000001ac T __srefill_r
00114be4 00000260 T setvbuf
00114e44 00000074 T sscanf
00114eb8 0000003c T __sread
00114ef4 00000008 T __seofread
00114efc 00000068 T __swrite
00114f64 00000058 T __sseek
00114fbc 00000008 T __sclose
00114fc4 00000144 T strchr
00115108 0000063c T _strerror_r
00115744 0000005c T strlen
001157a0 00000098 T strncat
00115838 000000ec T strncmp
00115924 000000c0 T strncpy
001159e4 00000048 T strnlen
00115a2c 00000048 t get_arg
00115a74 00002b84 T __ssvfscanf_r
001185f8 0000003c T time
00118634 00000008 T _user_strerror
0011863c 00000034 T __sprint_r
00118670 00000650 t get_arg
00118cc0 000038e0 T _vfprintf_r
0011c5a0 000000d4 t __sbprintf
0011c674 00000048 t get_arg
0011c6bc 00002b8c T __svfscanf_r
0011f248 0000003c T _vfscanf_r
0011f284 00000108 T __swbuf_r
0011f38c 00000054 T _wcrtomb_r
0011f3e0 00000020 T _wcsrtombs_r
0011f400 00000150 T __swsetup_r
0011f550 00000118 T __call_exitprocs
0011f668 000001a8 t quorem
0011f810 000012ac T _dtoa_r
00120abc 000000a4 T fileno
00120b60 000000c8 T __sflags
00120c28 000004a4 T __sfvwrite_r
001210cc 00000008 T iswspace
001210d4 0000000c T _localeconv_r
001210e0 00000010 T __locale_mb_cur_max
001210f0 00000060 T _mbrtowc_r
00121150 000002fc T __utf8_mbtowc
0012144c 00000154 T memmove
001215a0 00000088 T _Balloc
00121628 0000001c T _Bfree
00121644 000000d0 T __multadd
00121714 000000ec T __s2b
00121800 00000058 T __hi0bits
00121858 0000009c T __lo0bits
001218f4 00000020 T __i2b
00121914 000001e0 T __multiply
00121af4 00000100 T __pow5mult
00121bf4 00000114 T __lshift
00121d08 00000058 T __mcmp
00121d60 00000190 T __mdiff
00121ef0 00000088 T __ulp
00121f78 000000d4 T __b2d
0012204c 00000104 T __d2b
00122150 00000084 T __ratio
001221d4 0000006c T __copybits
00122240 0000005c T __any_on
0012229c 00000028 T realloc
001222c4 000004bc T _realloc_r
00122780 000000e8 T __sccl
00122868 0000000c T nanf
00122878 000000a8 T frexp
00122920 00000064 T sprintf
00122984 000000b8 T stpncpy
00122a3c 00000054 t sulp
00122a90 00001414 T _strtod_l
00123ea4 0000000c T _strtod_r
00123eb0 0000023c t _strtoll_l.isra.0
001240ec 00000004 T _strtoll_r
001240f0 000001b4 t _strtol_l.isra.0
001242a4 00000004 T _strtol_r
001242a8 0000024c t _strtoull_l.isra.0
001244f4 00000004 T _strtoull_r
001244f8 000001c8 t _strtoul_l.isra.0
001246c0 00000004 T _strtoul_r
001246c4 00000188 T __ssprint_r
0012484c 000000e0 T _sungetc_r
0012492c 0000006c T __ssrefill_r
00124998 000000c8 T _sfread_r
00124a60 00000650 t get_arg
001250b0 00003814 T _svfprintf_r
001288c4 000000a8 T __submore
0012896c 00000204 T _ungetc_r
00128b70 00000190 T _wcsnrtombs_l
00128d00 00000048 T _wcsnrtombs_r
00128d48 000000f0 T __utf8_wctomb
00128e38 000000ec t rshift
00128f24 00000828 T __gethex
0012974c 00000060 T __match
001297ac 0000028c T __hexnan
00129a38 0000003c T iswspace_l
00129a74 000001e0 t __jp2uc
00129c54 00000094 T _jp2uc_l
00129ce8 00000010 T nan
00129cf8 00000088 T category
00129d80 00000008 t null_write
00129d88 00000018 T setDefaultDevice
00129da0 000000c8 T FindDevice
00129e68 00000028 T RemoveDevice
00129e90 0000009c T AddDevice
00129f2c 00000078 T _fstat_r
00129fa4 00000038 T _gettimeofday_r
00129fdc 00000008 T _isatty_r
00129fe4 00000084 T _lseek_r
0012a068 000000c4 T _open_r
0012a12c 00000080 T _read_r
0012a1ac 00000078 T _sbrk_r
0012a224 00000080 T _write_r
0012a2a4 00000024 T _exit
0012a2c8 000001bc T _concatenate_path
0012a484 0000015c T chdir
0012a5e0 00000008 T __flockfile
0012a5e8 00000008 T __funlockfile
0012a5f0 00000018 T __libc_lock_acquire
0012a608 00000018 T __libc_lock_release
0012a620 00000018 T __libc_lock_init_recursive
0012a638 00000018 T __libc_lock_acquire_recursive
0012a650 00000018 T __libc_lock_release_recursive
0012a668 00000018 T __libc_lock_close_recursive
0012a680 0000008c T __release_handle
0012a70c 000000b4 T __alloc_handle
0012a7c0 0000003c T __get_handle
0012a7fc 000000f8 T _close_r
0012a8f4 00000028 T __getreent
0012a91c 00000044 T strrchr
0012a960 T _fini
0012b018 R render2d_shbin
0012b1a4 R render2d_shbin_end
0012b1a4 R render2d_shbin_size
0012b1b4 R default_font_bin
0012b9b4 R default_font_bin_end
0012b9b4 R default_font_bin_size
0012bb14 00000038 r CSWTCH.11
0012bb4c 00000005 r colorFmtSizes
0012bb54 00000004 r depthFmtSizes
0012bb58 00000010 r CSWTCH.7
0012bc00 00000030 r colorTable
0012bc30 00000070 r dotab_stdout
0012bca0 00000014 r CSWTCH.62
0012bcb4 00000008 r framebufferInfoSt
0012bd2c 00000030 r error_table
0012bd5c 00000060 R __inv_pio4
0012bdc0 000000e0 R __sincosf_table
0012bea8 00000004 R _global_impure_ptr
0012c5bc 00000022 r basefix.8820
0012c61c 00000010 r blanks.8791
0012c62c 00000010 r zeroes.8792
0012c63c 00000022 r basefix.8839
0012c660 00000101 R _ctype_
0012c774 r .LC2
0012c7c0 00000028 R __mprec_bigtens
0012c7e8 000000c8 R __mprec_tens
0012c8b0 0000000c r p05.7510
0012c8cc 00000014 r fpi.7590
0012c8e0 00000014 r fpinan.7626
0012c8f8 00000028 r tinytens
0012c920 0000006c R __action_table
0012c98c 00000100 R __chclass
0012ca8c 0000006c R __state_table
0012caf8 00000010 r blanks.8776
0012cb08 00000010 r zeroes.8777
0012cb18 00000100 R __hexdig
0012cc2c 000000bc r a1
0012cce8 000000bc r a2
0012cda4 0000005b r a3
0012ce00 00000070 r a6
0012ce70 000000a2 r a7
0012cf14 00000040 r a8
0012cf54 0000172a r b02cf
0012e680 00001a7c r d02f4
001300fc 0000000c R _C_numeric_locale
00130108 0000309c r categories
001331ac 00000070 R dotab_stdnull
0013321c r 
0013321c R __exidx_end
0013321c R __exidx_start
00134000 00000004 D ball
00134004 00000004 D paused
00134008 00000004 D blobbl
0013400c 00000004 D blobbr
00134010 00000004 D speed
00134014 W __stacksize__
00134018 00000004 d framerate
0013401c 00000008 d framerateCounter
00134024 00000070 d romFS_devoptab
00134094 00000004 D currentConsole
00134098 0000004c D defaultConsole
001340e4 00000001 d firstConsoleInit.8429
001340e5 00000001 d botFormat
001340e8 00000008 d doubleBuf
001340f0 00000001 d topFormat
001340f4 00000004 d queueLock
001340f8 00000004 d gspLastEvent
001340fc 00000004 d aptFlags
00134100 00000001 d aptHomeAllowed
00134104 00000004 V __ctru_linear_heap_size
00134108 00000401 d __cwd
0013450c 00000070 d sdmc_devoptab
0013457c 00000001 D __fdlib_version
00134580 0000000c d __sfp_recursive_mutex
0013458c 0000000c d __sinit_recursive_mutex
00134598 00000004 D _impure_ptr
001345a0 00000460 d impure_data
00134a00 00000408 D __malloc_av_
00134e08 00000004 D __malloc_sbrk_base
00134e0c 00000004 D __malloc_trim_threshold
00134e10 0000000c d __malloc_recursive_mutex
00134e1c 0000000c D __atexit_recursive_mutex
00134e28 0000016c D __global_locale
00134f94 00000002 d numempty
00134f98 00000004 d defaultDevice
00134f9c 0000008c D devoptab_list
00135028 00000400 d _current_working_directory
00135428 00000004 d __hndl_lock
0013542c 0000000c d __stderr_handle
00135438 0000000c d __stdin_handle
00135444 0000000c d __stdout_handle
00135450 00001000 d handles
00136450 t __frame_dummy_init_array_entry
00136450 T __init_array_start
00136450 B __preinit_array_end
00136450 B __preinit_array_start
00136450 D __tdata_lma
00136450 D __tdata_lma_end
00136450 D __TMC_END__
00136450 d __TMC_LIST__
00136454 t __do_global_dtors_aux_fini_array_entry
00136454 T __fini_array_start
00136454 T __init_array_end
00136458 T __bss_start__
00136458 T __fini_array_end
00136458 000000c0 b sprites
00136518 00000004 B scoreR
0013651c 00000004 B scoreL
00136520 00000004 b spriteSheet
00136524 b saved_stack
0013652c b completed.10434
00136530 b object.10439
00136548 00000040 b s_projBot
00136588 00000040 b s_projTop
001365c8 00000004 b uLoc_mdlvMtx
001365cc 00000004 b uLoc_projMtx
001365d0 0000000c b hookCookie
001365e0 00000010 b cpuTime
001365f0 00000004 b firstTarget
001365f4 00000008 b frameCounter
001365fc 00000004 b frameEndCb
00136600 00000004 b frameEndCbData
00136604 00000001 b frameStage
00136608 00000010 b gpuTime
00136618 00000001 b inFrame
00136619 00000001 b inSafeTransfer
0013661a 00000001 b initialized
0013661c 00000004 b lastTarget
00136620 0000000c b linkedTarget
0013662c 00000001 b measureGpuTime
00136630 000000c0 b C3Di_FVUnifEverDirty
001366f0 00000008 b C3Di_IVUnifEverDirty
001366f8 00000018 b C3Di_ShaderFVecData
00136710 0000000c b sAddrMap
0013671c 00000008 b sVramPool
00136724 00000008 b sLinearPool
0013672c 0000000c b sAddrMap
00136738 00000401 b __component
00136b3c 00000004 V __romfs_path
00136b40 00000802 b __utf16path
00137344 00000004 b romfs_mount_list
00137348 00000001 V __ctru_speedup
0013734c 00000002 b currentBuffer
0013734e 00000001 b enable3d
00137350 00000004 b screenAlloc
00137354 00000004 b screenFree
00137358 00000004 b boundQueue
0013735c 00000004 b curQueue
00137360 00000001 b isActive
00137361 00000001 b isRunning
00137362 00000001 b shouldStop
00137364 00000004 b gspEvent
00137368 0000001c b gspEventCb
00137384 0000001c b gspEventCbData
001373a0 00000007 b gspEventCbOneShot
001373a8 0000001c b gspEventCounts
001373c4 00000004 b gspEventData
001373c8 00000004 b gspEventThread
001373cc 00000038 b gspEvents
00137404 00000004 b gspRefCount
00137408 00000001 b gspRunEvents
00137409 00000001 b aptChainloadMediatype
00137410 00000008 b aptChainloadTid
00137418 00000004 b aptEventHandlerThread
0013741c 0000000c b aptEvents
00137428 0000000c b aptFirstHook
00137434 00000001 b aptHomeButtonState
00137438 00000004 b aptLockHandle
0013743c 00000004 b aptMessageFunc
00137440 00000004 b aptMessageFuncData
00137444 00001000 b aptParameters
00138444 00000001 b aptRecentHomeButtonState
00138448 00000004 b aptRefCount
0013844c 00000008 b aptSleepEvent
00138454 00000001 b flagInit.8300
00138455 00000001 b flagValue.8301
00138458 00000004 b serviceName.7930
0013845c 00000006 b aVec
00138464 00000004 b cPos
00138468 00000006 b gRate
00138470 00000004 b hidRefCount
00138474 00000004 b kDown
00138478 00000004 b kHeld
0013847c 00000004 b kOld
00138480 00000004 b kUp
00138484 00000004 b tPos
00138488 00000004 b ptmSysmHandle
0013848c 00000004 b ptmSysmRefCount
00138490 00000080 b fsExemptArchives
00138510 00000004 b fsuHandle
00138514 00000004 b fsuRefCount
00138518 00000004 V __ctru_heap_size
0013851c 00000008 b sMappablePool
00138524 0000000c b sAddrMap
00138530 00000004 b arbiter
00138534 00000004 b srvHandle
00138538 00000004 b srvRefCount
0013853c 00000004 b csPos
00138540 00000004 b irrstRefCount
00138544 00000004 b kHeld
00138548 00000004 b srvPmHandle
00138550 00000008 b sdmcArchive
00138558 00000001 b sdmcInitialised
0013855c 00000028 B __malloc_current_mallinfo
00138584 00000004 B __malloc_max_sbrked_mem
00138588 00000004 B __malloc_max_total_mem
0013858c 00000004 B __malloc_top_pad
00138590 00000004 b heap_start.7420
00138594 00000004 B fake_heap_end
00138598 00000004 B fake_heap_start
0013859c 00000400 b temp_cwd
0013899c 00000048 B __syscalls
001389e4 00000004 B mem
001389e8 000005a0 B __C2Di_Context
00138f88 000002d0 B __C3D_Context
00139258 00000020 B C3D_IVUnif
00139278 000000c0 B C3D_FVUnifDirty
00139338 00000002 B C3D_BoolUnifsDirty
0013933c 00000008 B C3D_IVUnifDirty
00139344 00000004 B C3D_BoolUnifs
00139348 00000c00 B C3D_FVUnif
00139f48 0000004c B currentCopy
00139f94 00000008 B gfxBottomFramebuffers
00139f9c 00000004 B gspSharedMemHandle
00139fa0 0000001c B bottomFramebufferInfo
00139fbc 00000004 B gspEvent
00139fc0 00000008 B gfxTopLeftFramebuffers
00139fc8 00000008 B gfxTopRightFramebuffers
00139fd0 0000001c B topFramebufferInfo
00139fec 00000001 B gfxThreadID
00139ff0 00000004 B gfxSharedMemory
00139ff4 00000004 B gfxTopFramebufferMaxSize
00139ff8 00000004 B gfxBottomFramebufferMaxSize
00139ffc 00000004 B gxCmdBuf
0013a000 00000004 B gpuCmdBuf
0013a004 00000004 B gpuCmdBufOffset
0013a008 00000004 B gpuCmdBufSize
0013a00c 00000004 B gspGpuHandle
0013a010 00000004 B hidMemHandle
0013a014 00000004 B hidHandle
0013a018 00000004 B hidSharedMem
0013a01c 00000014 B hidEvents
0013a030 00000004 B __system_retAddr
0013a034 00000004 B __ctru_linear_heap
0013a038 00000004 B __ctru_heap
0013a03c 00000004 B __system_argv
0013a040 00000004 B __system_argc
0013a044 00000004 B irrstHandle
0013a048 00000004 B irrstEvent
0013a04c 00000004 B irrstMemHandle
0013a050 00000004 B irrstSharedMem
0013a054 B __tls_start
0013b460 B __bss_end__
0013b460 A __end__
0013b460 B __tls_end
